1 0 11.751493453979492 
2 0 1.7573773860931396 
3 0 1.949345350265503 
4 1 2.294851779937744 
5 1 2.306950330734253 
6 0 1.951887607574463 
7 1 2.3172247409820557 
8 0 1.8235044479370117 
9 0 1.8772737979888916 
10 1 2.49853253364563 
11 1 2.3209245204925537 
12 0 1.894892692565918 
13 2 2.9134557247161865 
14 0 1.6919612884521484 
15 1 2.2954814434051514 
16 1 2.323791265487671 
17 4 4.25482439994812 
18 4 2.872331380844116 
19 3 2.337730646133423 
20 5 2.911452293395996 
21 3 3.155388116836548 
22 2 2.3207504749298096 
23 5 2.8837528228759766 
24 7 3.073298215866089 
25 1 2.3020005226135254 
26 3 2.311840057373047 
27 3 2.4343369007110596 
28 2 2.3180575370788574 
29 5 2.2902841567993164 
30 1 2.335317611694336 
31 4 2.3194925785064697 
32 3 2.322446584701538 
33 14 3.0236551761627197 
34 6 2.3780393600463867 
35 6 2.4246826171875 
36 2 3.1025068759918213 
37 5 2.3446900844573975 
38 3 2.455256938934326 
39 5 3.217789888381958 
40 12 3.504023551940918 
41 12 6.292295455932617 
42 7 2.6480565071105957 
43 2 2.5976240634918213 
44 16 3.8772404193878174 
45 8 3.1640024185180664 
46 12 3.890951633453369 
47 9 4.301804542541504 
48 6 4.108390808105469 
49 4 2.612330675125122 
50 8 3.2361557483673096 
51 4 2.527369499206543 
52 5 2.7313714027404785 
53 5 2.8882296085357666 
54 3 2.5992236137390137 
55 6 2.7221193313598633 
56 4 3.739424705505371 
57 3 2.9740443229675293 
58 7 3.036604881286621 
59 5 4.153251647949219 
60 3 2.86175799369812 
61 5 2.5278563499450684 
62 6 3.2896134853363037 
63 7 3.4237515926361084 
64 6 3.715439558029175 
65 6 2.6251919269561768 
66 20 4.702404260635376 
67 9 2.5482287406921387 
68 7 2.5543177127838135 
69 3 2.844670057296753 
70 5 2.8494088649749756 
71 10 3.2468903064727783 
72 12 3.651610851287842 
73 16 8.426038265228271 
74 56 34.6474244594574 
75 33 12.746623516082764 
76 3 3.699296236038208 
77 3 2.5217201709747314 
78 2 2.643277168273926 
79 7 3.093270778656006 
80 4 2.5681281089782715 
81 15 3.0913426876068115 
82 20 3.27548885345459 
83 12 3.0349268913269043 
84 7 2.4827632904052734 
85 7 2.9875094890594482 
86 8 4.248223543167114 
87 3 2.4076569080352783 
88 7 3.0914738178253174 
89 3 2.556417226791382 
90 10 3.2957561016082764 
91 9 2.516835927963257 
92 5 2.7261109352111816 
93 16 4.218418121337891 
94 8 2.5218660831451416 
95 20 3.3016390800476074 
96 13 3.328514337539673 
97 15 3.6298208236694336 
98 10 2.532362222671509 
99 11 2.637406587600708 
100 13 2.6445672512054443 
101 21 4.572910785675049 
102 10 2.7078800201416016 
103 22 4.387577533721924 
104 21 4.528949737548828 
105 13 3.2428178787231445 
106 15 2.703845500946045 
107 36 6.1257734298706055 
108 24 6.799469947814941 
109 5 2.6394200325012207 
110 8 2.609053373336792 
111 14 3.1675894260406494 
112 11 3.123382091522217 
113 25 4.606869697570801 
114 5 3.2814056873321533 
115 9 2.7103874683380127 
116 14 3.8622336387634277 
117 21 4.514559030532837 
118 21 5.072632074356079 
119 11 3.4541869163513184 
120 27 4.995506286621094 
121 13 3.1930601596832275 
122 29 6.125204563140869 
123 11 3.1512999534606934 
124 11 3.7483346462249756 
125 28 3.7382164001464844 
126 24 4.364236831665039 
127 19 3.369934558868408 
128 17 3.70438551902771 
129 16 3.4260852336883545 
130 4 2.6766645908355713 
131 16 3.366020917892456 
132 13 3.742969274520874 
133 18 3.0124118328094482 
134 48 6.71419882774353 
135 26 3.9386749267578125 
136 14 2.6080102920532227 
137 6 3.1070139408111572 
138 14 2.497081995010376 
139 17 3.130356788635254 
140 6 2.704754114151001 
141 26 4.852341890335083 
142 31 3.8804047107696533 
143 20 3.166794776916504 
144 20 2.673807382583618 
145 8 3.1174795627593994 
146 36 4.8877387046813965 
147 10 3.7959988117218018 
148 1 2.489753484725952 
149 14 2.6431405544281006 
150 6 2.707050085067749 
151 15 4.576449394226074 
152 29 6.1081507205963135 
153 25 3.6250319480895996 
154 11 4.790954828262329 
155 7 2.5789451599121094 
156 6 2.503481388092041 
157 8 3.253692626953125 
158 18 3.664069175720215 
159 50 8.403523445129395 
160 93 25.002583265304565 
161 46 5.5609824657440186 
162 226 26.371116638183594 
163 133 16.867047786712646 
164 122 29.12905192375183 
165 133 30.545747756958008 
166 403 60.348615407943726 
167 347 22.903828620910645 
168 573 71.20945930480957 
169 369 56.21189260482788 
170 199 49.23502326011658 
171 359 42.16341829299927 
172 444 49.931628704071045 
173 783 44.22034430503845 
174 464 21.613718271255493 
175 209 18.008423566818237 
176 315 51.42015242576599 
177 366 63.33754539489746 
178 1390 118.99390864372253 
179 440 41.89352750778198 
180 432 52.4219925403595 
181 207 40.79594445228577 
182 300 38.611576557159424 
183 431 103.23901391029358 
184 727 77.88484644889832 
185 849 62.44578266143799 
186 367 96.0139102935791 
187 443 27.06338882446289 
188 904 56.85071110725403 
189 873 63.007174253463745 
190 1363 151.82712650299072 
191 353 30.82431650161743 
192 1004 92.54586243629456 
193 667 75.57041001319885 
194 691 67.68133306503296 
195 661 51.902339696884155 
196 215 24.878207683563232 
197 466 62.962382078170776 
198 1735 169.94032192230225 
199 146 15.234514236450195 
200 514 56.42200779914856 
201 1321 147.70520639419556 
202 607 98.02806901931763 
203 761 143.0455241203308 
204 1014 92.01666331291199 
205 737 37.06670665740967 
206 610 123.53659176826477 
207 275 13.210809707641602 
208 1346 127.12853574752808 
209 1006 87.2415714263916 
210 667 98.03373432159424 
211 491 19.737091064453125 
212 1142 145.17132830619812 
213 831 145.80378937721252 
214 533 58.114367723464966 
215 822 104.38734197616577 
216 277 16.810558319091797 
217 622 41.208770990371704 
1 0 11.463937997817993 
2 0 4.13963508605957 
3 1 5.437716007232666 
4 0 4.168374061584473 
5 0 2.591905117034912 
6 0 4.065380811691284 
7 0 4.359818935394287 
8 0 4.600107192993164 
9 0 4.806006908416748 
10 0 4.484081029891968 
11 0 4.652068853378296 
12 0 4.481176137924194 
13 0 4.355515956878662 
14 5 7.309834003448486 
15 0 4.392193078994751 
16 0 4.413650989532471 
17 0 4.89737606048584 
18 2 7.152624845504761 
19 0 4.918233871459961 
20 1 5.528727769851685 
1 0 14.49084186553955 
2 0 1.7340569496154785 
3 0 2.105210781097412 
4 0 1.8255019187927246 
1 0 1 0 15.918183326721191 
2 0 3.3543691635131836 
3 0 3.2660770416259766 
4 0 3.7618699073791504 
5 0 4.247430086135864 
6 0 4.383903980255127 
7 0 3.2188918590545654 
8 0 4.434730052947998 
9 0 4.558713912963867 
10 0 3.2872047424316406 
11 0 2.177119016647339 
12 0 2.37229585647583 
1 1 14.810193061828613 
2 0 5.631085157394409 
3 0 5.4380271434783936 
1 2 15.836184978485107 
2 0 5.275018930435181 
