1 0 11.711235761642456 
2 0 1.7812073230743408 
3 0 1.755871295928955 
4 0 1.1583819389343262 
5 0 1.2724347114562988 
6 0 1.7634315490722656 
7 0 1.7621183395385742 
8 0 1.893481731414795 
9 1 2.3066349029541016 
10 0 1.8499619960784912 
11 0 1.8626902103424072 
12 1 2.357546806335449 
13 0 1.9164471626281738 
14 1 2.412489175796509 
15 1 2.429816961288452 
16 0 1.9535267353057861 
17 0 1.9112606048583984 
18 0 1.8902816772460938 
19 0 2.037383794784546 
20 2 2.352046012878418 
21 0 1.9674715995788574 
22 4 3.072777032852173 
23 1 2.3442018032073975 
24 0 2.0088651180267334 
25 0 1.9674253463745117 
26 1 2.450944662094116 
27 0 2.0305685997009277 
28 6 2.9916045665740967 
29 4 2.6402993202209473 
30 0 1.9045870304107666 
31 1 2.377088785171509 
32 1 2.4220783710479736 
33 6 2.6463820934295654 
34 3 2.3942623138427734 
35 3 2.441418170928955 
36 2 2.683892011642456 
37 1 2.676734447479248 
38 6 4.886010408401489 
39 2 2.37522292137146 
40 5 3.62680983543396 
41 2 2.3369767665863037 
42 1 2.3501503467559814 
43 6 2.4335567951202393 
44 10 4.321524620056152 
45 12 3.7493858337402344 
46 6 2.651038408279419 
47 6 2.4879150390625 
48 2 2.56365704536438 
49 5 2.5157551765441895 
50 5 2.4273293018341064 
51 10 5.560949087142944 
52 16 6.064069747924805 
53 11 3.7097816467285156 
54 20 9.10882306098938 
55 11 5.57684588432312 
56 41 10.976468324661255 
57 31 9.694765329360962 
58 61 19.803117513656616 
59 22 6.401072025299072 
60 5 2.560023069381714 
61 59 22.738372325897217 
62 60 19.622363328933716 
63 102 14.254803657531738 
64 114 13.047127723693848 
65 220 31.882062911987305 
66 49 6.066410064697266 
67 276 66.04444909095764 
68 227 41.69650959968567 
69 237 58.34805154800415 
70 111 15.528747320175171 
71 109 16.584368228912354 
72 271 51.43114447593689 
73 375 46.66324782371521 
74 24 7.0383141040802 
75 159 48.884456634521484 
76 190 31.23715591430664 
77 306 74.54911732673645 
78 366 24.68805766105652 
79 385 51.76497411727905 
80 300 101.32076215744019 
81 348 37.90897297859192 
82 115 60.173964500427246 
83 262 55.14138197898865 
84 176 42.60930252075195 
85 171 18.172452688217163 
86 811 99.62711906433105 
87 148 48.42911911010742 
88 78 9.661996126174927 
89 471 63.17768573760986 
90 400 118.0653235912323 
91 223 45.420233726501465 
92 181 98.4333975315094 
93 738 129.82297110557556 
94 652 97.73941469192505 
95 523 108.583322763443 
96 293 36.430407762527466 
97 167 31.22296690940857 
98 137 22.384679317474365 
99 214 21.09915041923523 
100 171 24.090473651885986 
101 46 12.77715253829956 
102 201 43.59823822975159 
103 110 46.60634136199951 
104 254 59.943363666534424 
105 193 21.18970513343811 
106 210 44.88649535179138 
107 213 27.495675563812256 
108 1068 129.9297158718109 
109 642 161.68959546089172 
110 669 63.596978187561035 
111 498 90.50708746910095 
112 359 49.00207710266113 
113 195 18.413134574890137 
114 262 14.340926170349121 
115 446 69.29262733459473 
116 442 97.94790554046631 
117 416 68.50052499771118 
118 317 78.82861137390137 
119 359 50.292948722839355 